<?xml version="1.0" encoding="UTF-8"?>
<robot generator="Robot 7.3.2 (Python 3.13.5 on win32)" generated="2025-11-15T15:54:40.269691" rpa="false" schemaversion="5">
<suite id="s1" name="Cadastro" source="C:\Users\user\Desktop\Faculdade\Terceiro Semestre\Teste de Software\Trabalho em Grupo\ShelfShare\shelfshare-testes\cadastro.robot">
<test id="s1-t1" name="Cadastro com Dados Válidos" line="13">
<kw name="Abrir Navegador e Acessar Página de Cadastro">
<kw name="Open Browser" owner="SeleniumLibrary">
<msg time="2025-11-15T15:54:40.426115" level="INFO">Opening browser 'Chrome' to base url 'http://localhost:5173/cadastro'.</msg>
<arg>${URL_CADASTRO}</arg>
<arg>${NAVEGADOR}</arg>
<arg>service_executable_path=${DRIVER_PATH}</arg>
<doc>Opens a new browser instance to the optional ``url``.</doc>
<status status="PASS" start="2025-11-15T15:54:40.425920" elapsed="1.139568"/>
</kw>
<kw name="Wait Until Element Is Visible" owner="SeleniumLibrary">
<arg>id:nome</arg>
<doc>Waits until the element ``locator`` is visible.</doc>
<status status="PASS" start="2025-11-15T15:54:41.565703" elapsed="0.016890"/>
</kw>
<status status="PASS" start="2025-11-15T15:54:40.425524" elapsed="1.157317"/>
</kw>
<kw name="Get Time" owner="BuiltIn">
<msg time="2025-11-15T15:54:41.583540" level="INFO">${TIMESTAMP} = 1763232881</msg>
<var>${TIMESTAMP}</var>
<arg>epoch</arg>
<doc>Returns the given time in the requested format.</doc>
<status status="PASS" start="2025-11-15T15:54:41.583203" elapsed="0.000379"/>
</kw>
<kw name="Set Variable" owner="BuiltIn">
<msg time="2025-11-15T15:54:41.584079" level="INFO">${email_unico} = usuario_1763232881@teste.com</msg>
<var>${email_unico}</var>
<arg>usuario_${TIMESTAMP}@teste.com</arg>
<doc>Returns the given values which can then be assigned to a variables.</doc>
<status status="PASS" start="2025-11-15T15:54:41.583834" elapsed="0.000278"/>
</kw>
<kw name="Preencher Formulário de Cadastro">
<kw name="Input Text" owner="SeleniumLibrary">
<msg time="2025-11-15T15:54:41.584705" level="INFO">Typing text 'Usuário Teste Robot' into text field 'id:nome'.</msg>
<arg>id:nome</arg>
<arg>${nome}</arg>
<doc>Types the given ``text`` into the text field identified by ``locator``.</doc>
<status status="PASS" start="2025-11-15T15:54:41.584572" elapsed="0.251689"/>
</kw>
<kw name="Input Text" owner="SeleniumLibrary">
<msg time="2025-11-15T15:54:41.836578" level="INFO">Typing text 'usuario_1763232881@teste.com' into text field 'id:email'.</msg>
<arg>id:email</arg>
<arg>${email}</arg>
<doc>Types the given ``text`` into the text field identified by ``locator``.</doc>
<status status="PASS" start="2025-11-15T15:54:41.836402" elapsed="0.064573"/>
</kw>
<kw name="Input Text" owner="SeleniumLibrary">
<msg time="2025-11-15T15:54:41.901272" level="INFO">Typing text 'senha123' into text field 'id:senha'.</msg>
<arg>id:senha</arg>
<arg>${senha}</arg>
<doc>Types the given ``text`` into the text field identified by ``locator``.</doc>
<status status="PASS" start="2025-11-15T15:54:41.901105" elapsed="0.043127"/>
</kw>
<arg>Usuário Teste Robot</arg>
<arg>${email_unico}</arg>
<arg>senha123</arg>
<status status="PASS" start="2025-11-15T15:54:41.584349" elapsed="0.359977"/>
</kw>
<kw name="Clicar no Botão Cadastrar">
<kw name="Click Button" owner="SeleniumLibrary">
<msg time="2025-11-15T15:54:41.944907" level="INFO">Clicking button 'Cadastrar'.</msg>
<arg>Cadastrar</arg>
<doc>Clicks the button identified by ``locator``.</doc>
<status status="PASS" start="2025-11-15T15:54:41.944792" elapsed="0.041366"/>
</kw>
<status status="PASS" start="2025-11-15T15:54:41.944598" elapsed="0.041642"/>
</kw>
<kw name="Verificar se foi Redirecionado para o Login">
<kw name="Wait Until Location Contains" owner="SeleniumLibrary">
<arg>${URL_LOGIN}</arg>
<arg>timeout=10s</arg>
<doc>Waits until the current URL contains ``expected``.</doc>
<status status="PASS" start="2025-11-15T15:54:41.986645" elapsed="2.229704"/>
</kw>
<status status="PASS" start="2025-11-15T15:54:41.986466" elapsed="2.229957"/>
</kw>
<kw name="Fechar Navegador" type="TEARDOWN">
<kw name="Close Browser" owner="SeleniumLibrary">
<doc>Closes the current browser.</doc>
<status status="PASS" start="2025-11-15T15:54:44.217187" elapsed="2.088080"/>
</kw>
<status status="PASS" start="2025-11-15T15:54:44.217024" elapsed="2.088326"/>
</kw>
<doc>Este teste verifica se um novo usuário
consegue se cadastrar e ser redirecionado
para a tela de login.</doc>
<status status="PASS" start="2025-11-15T15:54:40.425080" elapsed="5.880381"/>
</test>
<status status="PASS" start="2025-11-15T15:54:40.270555" elapsed="6.035468"/>
</suite>
<statistics>
<total>
<stat pass="1" fail="0" skip="0">All Tests</stat>
</total>
<tag>
</tag>
<suite>
<stat name="Cadastro" id="s1" pass="1" fail="0" skip="0">Cadastro</stat>
</suite>
</statistics>
<errors>
</errors>
</robot>
